JobID:        9722604
ArrayJobID:   9722601
ArrayTaskID:  2
Node:         htc-n45.crc.pitt.edu
Started:      Wed May 27 11:16:28 PM EDT 2026
Working dir:  /ix/djishnu/Alisa/Tfh/Tfh_CoreNet_final/Scripts/2_CoreNet_PPI_processing
------------------------------------------------------------
Set:          CoreNet  (array idx 2)
Prefix:       CoreNet
Output dir:   ../Figure2/outputs/upset_plot_overlaps/CoreNet
------------------------------------------------------------
Building CoreNet union from CoreNet_PPI + CoreNet_GRN...
Union size: 328 (PPI=184, GRN=152)
------------------------------------------------------------
Command:
  python first_degree_interactors_pipeline.py --sig_genes ../Figure2/outputs/upset_plot_overlaps/CoreNet/CoreNet_union_genes.csv --gene_col Genes --prefix CoreNet --hint_h5 /ix/djishnu/Alisa/Tfh/Network_analysis/data/HomoSapiens_binary_co_complex_Feb2023_1_ppr_0.4.h5 --all_hint_genes ../../Data/all_hint_genes_list.pkl --vinuesa ../../Data/literature_sets/vinuesa_list.csv --hart ../../Data/literature_sets/TFH_review_list.csv --crotty ../../Data/literature_sets/crotty_list.csv --output_dir ../Figure2/outputs/upset_plot_overlaps/CoreNet --num_perm 1000 --mode all --save_formats csv --seed 42 --save_di --save_cytoscape --cytoscape_variant cytoscape --gold_standard ../../Data/literature_sets/vinuesa_list.csv
------------------------------------------------------------
Loaded 328 significant genes.

=== Saving real DI (direct interactor) set of sig_genes ===
Saving direct interactors (formats=('csv',))...
Real DI set size: 5084

=== Building Cytoscape network(s): variant=cytoscape ===
  Cytoscape cytoscape: 76 edges, 77 unique genes

=== Pipeline 1: first_DI_then_size_match ===
DI set size: 5084
Num_perm= 0
Num_perm= 1
Num_perm= 2
Num_perm= 3
Num_perm= 4
Num_perm= 5
Num_perm= 6
Num_perm= 7
Num_perm= 8
Num_perm= 9
Num_perm= 10
Num_perm= 11
Num_perm= 12
Num_perm= 13
Num_perm= 14
Num_perm= 15
Num_perm= 16
Num_perm= 17
Num_perm= 18
Num_perm= 19
Num_perm= 20
Num_perm= 21
Num_perm= 22
Num_perm= 23
Num_perm= 24
Num_perm= 25
Num_perm= 26
Num_perm= 27
Num_perm= 28
Num_perm= 29
Num_perm= 30
Num_perm= 31
Num_perm= 32
Num_perm= 33
Num_perm= 34
Num_perm= 35
Num_perm= 36
Num_perm= 37
Num_perm= 38
Num_perm= 39
Num_perm= 40
Num_perm= 41
Num_perm= 42
Num_perm= 43
Num_perm= 44
Num_perm= 45
Num_perm= 46
Num_perm= 47
Num_perm= 48
Num_perm= 49
Num_perm= 50
Num_perm= 51
Num_perm= 52
Num_perm= 53
Num_perm= 54
Num_perm= 55
Num_perm= 56
Num_perm= 57
Num_perm= 58
Num_perm= 59
Num_perm= 60
Num_perm= 61
Num_perm= 62
Num_perm= 63
Num_perm= 64
Num_perm= 65
Num_perm= 66
Num_perm= 67
Num_perm= 68
Num_perm= 69
Num_perm= 70
Num_perm= 71
Num_perm= 72
Num_perm= 73
Num_perm= 74
Num_perm= 75
Num_perm= 76
Num_perm= 77
Num_perm= 78
Num_perm= 79
Num_perm= 80
Num_perm= 81
Num_perm= 82
Num_perm= 83
Num_perm= 84
Num_perm= 85
Num_perm= 86
Num_perm= 87
Num_perm= 88
Num_perm= 89
Num_perm= 90
Num_perm= 91
Num_perm= 92
Num_perm= 93
Num_perm= 94
Num_perm= 95
Num_perm= 96
Num_perm= 97
Num_perm= 98
Num_perm= 99
Num_perm= 100
Num_perm= 101
Num_perm= 102
Num_perm= 103
Num_perm= 104
Num_perm= 105
Num_perm= 106
Num_perm= 107
Num_perm= 108
Num_perm= 109
Num_perm= 110
Num_perm= 111
Num_perm= 112
Num_perm= 113
Num_perm= 114
Num_perm= 115
Num_perm= 116
Num_perm= 117
Num_perm= 118
Num_perm= 119
Num_perm= 120
Num_perm= 121
Num_perm= 122
Num_perm= 123
Num_perm= 124
Num_perm= 125
Num_perm= 126
Num_perm= 127
Num_perm= 128
Num_perm= 129
Num_perm= 130
Num_perm= 131
Num_perm= 132
Num_perm= 133
Num_perm= 134
Num_perm= 135
Num_perm= 136
Num_perm= 137
Num_perm= 138
Num_perm= 139
Num_perm= 140
Num_perm= 141
Num_perm= 142
Num_perm= 143
Num_perm= 144
Num_perm= 145
Num_perm= 146
Num_perm= 147
Num_perm= 148
Num_perm= 149
Num_perm= 150
Num_perm= 151
Num_perm= 152
Num_perm= 153
Num_perm= 154
Num_perm= 155
Num_perm= 156
Num_perm= 157
Num_perm= 158
Num_perm= 159
Num_perm= 160
Num_perm= 161
Num_perm= 162
Num_perm= 163
Num_perm= 164
Num_perm= 165
Num_perm= 166
Num_perm= 167
Num_perm= 168
Num_perm= 169
Num_perm= 170
Num_perm= 171
Num_perm= 172
Num_perm= 173
Num_perm= 174
Num_perm= 175
Num_perm= 176
Num_perm= 177
Num_perm= 178
Num_perm= 179
Num_perm= 180
Num_perm= 181
Num_perm= 182
Num_perm= 183
Num_perm= 184
Num_perm= 185
Num_perm= 186
Num_perm= 187
Num_perm= 188
Num_perm= 189
Num_perm= 190
Num_perm= 191
Num_perm= 192
Num_perm= 193
Num_perm= 194
Num_perm= 195
Num_perm= 196
Num_perm= 197
Num_perm= 198
Num_perm= 199
Num_perm= 200
Num_perm= 201
Num_perm= 202
Num_perm= 203
Num_perm= 204
Num_perm= 205
Num_perm= 206
Num_perm= 207
Num_perm= 208
Num_perm= 209
Num_perm= 210
Num_perm= 211
Num_perm= 212
Num_perm= 213
Num_perm= 214
Num_perm= 215
Num_perm= 216
Num_perm= 217
Num_perm= 218
Num_perm= 219
Num_perm= 220
Num_perm= 221
Num_perm= 222
Num_perm= 223
Num_perm= 224
Num_perm= 225
Num_perm= 226
Num_perm= 227
Num_perm= 228
Num_perm= 229
Num_perm= 230
Num_perm= 231
Num_perm= 232
Num_perm= 233
Num_perm= 234
Num_perm= 235
Num_perm= 236
Num_perm= 237
Num_perm= 238
Num_perm= 239
Num_perm= 240
Num_perm= 241
Num_perm= 242
Num_perm= 243
Num_perm= 244
Num_perm= 245
Num_perm= 246
Num_perm= 247
Num_perm= 248
Num_perm= 249
Num_perm= 250
Num_perm= 251
Num_perm= 252
Num_perm= 253
Num_perm= 254
Num_perm= 255
Num_perm= 256
Num_perm= 257
Num_perm= 258
Num_perm= 259
Num_perm= 260
Num_perm= 261
Num_perm= 262
Num_perm= 263
Num_perm= 264
Num_perm= 265
Num_perm= 266
Num_perm= 267
Num_perm= 268
Num_perm= 269
Num_perm= 270
Num_perm= 271
Num_perm= 272
Num_perm= 273
Num_perm= 274
Num_perm= 275
Num_perm= 276
Num_perm= 277
Num_perm= 278
Num_perm= 279
Num_perm= 280
Num_perm= 281
Num_perm= 282
Num_perm= 283
Num_perm= 284
Num_perm= 285
Num_perm= 286
Num_perm= 287
Num_perm= 288
Num_perm= 289
Num_perm= 290
Num_perm= 291
Num_perm= 292
Num_perm= 293
Num_perm= 294
Num_perm= 295
Num_perm= 296
Num_perm= 297
Num_perm= 298
Num_perm= 299
Num_perm= 300
Num_perm= 301
Num_perm= 302
Num_perm= 303
Num_perm= 304
Num_perm= 305
Num_perm= 306
Num_perm= 307
Num_perm= 308
Num_perm= 309
Num_perm= 310
Num_perm= 311
Num_perm= 312
Num_perm= 313
Num_perm= 314
Num_perm= 315
Num_perm= 316
Num_perm= 317
Num_perm= 318
Num_perm= 319
Num_perm= 320
Num_perm= 321
Num_perm= 322
Num_perm= 323
Num_perm= 324
Num_perm= 325
Num_perm= 326
Num_perm= 327
Num_perm= 328
Num_perm= 329
Num_perm= 330
Num_perm= 331
Num_perm= 332
Num_perm= 333
Num_perm= 334
Num_perm= 335
Num_perm= 336
Num_perm= 337
Num_perm= 338
Num_perm= 339
Num_perm= 340
Num_perm= 341
Num_perm= 342
Num_perm= 343
Num_perm= 344
Num_perm= 345
Num_perm= 346
Num_perm= 347
Num_perm= 348
Num_perm= 349
Num_perm= 350
Num_perm= 351
Num_perm= 352
Num_perm= 353
Num_perm= 354
Num_perm= 355
Num_perm= 356
Num_perm= 357
Num_perm= 358
Num_perm= 359
Num_perm= 360
Num_perm= 361
Num_perm= 362
Num_perm= 363
Num_perm= 364
Num_perm= 365
Num_perm= 366
Num_perm= 367
Num_perm= 368
Num_perm= 369
Num_perm= 370
Num_perm= 371
Num_perm= 372
Num_perm= 373
Num_perm= 374
Num_perm= 375
Num_perm= 376
Num_perm= 377
Num_perm= 378
Num_perm= 379
Num_perm= 380
Num_perm= 381
Num_perm= 382
Num_perm= 383
Num_perm= 384
Num_perm= 385
Num_perm= 386
Num_perm= 387
Num_perm= 388
Num_perm= 389
Num_perm= 390
Num_perm= 391
Num_perm= 392
Num_perm= 393
Num_perm= 394
Num_perm= 395
Num_perm= 396
Num_perm= 397
Num_perm= 398
Num_perm= 399
Num_perm= 400
Num_perm= 401
Num_perm= 402
Num_perm= 403
Num_perm= 404
Num_perm= 405
Num_perm= 406
Num_perm= 407
Num_perm= 408
Num_perm= 409
Num_perm= 410
Num_perm= 411
Num_perm= 412
Num_perm= 413
Num_perm= 414
Num_perm= 415
Num_perm= 416
Num_perm= 417
Num_perm= 418
Num_perm= 419
Num_perm= 420
Num_perm= 421
Num_perm= 422
Num_perm= 423
Num_perm= 424
Num_perm= 425
Num_perm= 426
Num_perm= 427
Num_perm= 428
Num_perm= 429
Num_perm= 430
Num_perm= 431
Num_perm= 432
Num_perm= 433
Num_perm= 434
Num_perm= 435
Num_perm= 436
Num_perm= 437
Num_perm= 438
Num_perm= 439
Num_perm= 440
Num_perm= 441
Num_perm= 442
Num_perm= 443
Num_perm= 444
Num_perm= 445
Num_perm= 446
Num_perm= 447
Num_perm= 448
Num_perm= 449
Num_perm= 450
Num_perm= 451
Num_perm= 452
Num_perm= 453
Num_perm= 454
Num_perm= 455
Num_perm= 456
Num_perm= 457
Num_perm= 458
Num_perm= 459
Num_perm= 460
Num_perm= 461
Num_perm= 462
Num_perm= 463
Num_perm= 464
Num_perm= 465
Num_perm= 466
Num_perm= 467
Num_perm= 468
Num_perm= 469
Num_perm= 470
Num_perm= 471
Num_perm= 472
Num_perm= 473
Num_perm= 474
Num_perm= 475
Num_perm= 476
Num_perm= 477
Num_perm= 478
Num_perm= 479
Num_perm= 480
Num_perm= 481
Num_perm= 482
Num_perm= 483
Num_perm= 484
Num_perm= 485
Num_perm= 486
Num_perm= 487
Num_perm= 488
Num_perm= 489
Num_perm= 490
Num_perm= 491
Num_perm= 492
Num_perm= 493
Num_perm= 494
Num_perm= 495
Num_perm= 496
Num_perm= 497
Num_perm= 498
Num_perm= 499
Num_perm= 500
Num_perm= 501
Num_perm= 502
Num_perm= 503
Num_perm= 504
Num_perm= 505
Num_perm= 506
Num_perm= 507
Num_perm= 508
Num_perm= 509
Num_perm= 510
Num_perm= 511
Num_perm= 512
Num_perm= 513
Num_perm= 514
Num_perm= 515
Num_perm= 516
Num_perm= 517
Num_perm= 518
Num_perm= 519
Num_perm= 520
Num_perm= 521
Num_perm= 522
Num_perm= 523
Num_perm= 524
Num_perm= 525
Num_perm= 526
Num_perm= 527
Num_perm= 528
Num_perm= 529
Num_perm= 530
Num_perm= 531
Num_perm= 532
Num_perm= 533
Num_perm= 534
Num_perm= 535
Num_perm= 536
Num_perm= 537
Num_perm= 538
Num_perm= 539
Num_perm= 540
Num_perm= 541
Num_perm= 542
Num_perm= 543
Num_perm= 544
Num_perm= 545
Num_perm= 546
Num_perm= 547
Num_perm= 548
Num_perm= 549
Num_perm= 550
Num_perm= 551
Num_perm= 552
Num_perm= 553
Num_perm= 554
Num_perm= 555
Num_perm= 556
Num_perm= 557
Num_perm= 558
Num_perm= 559
Num_perm= 560
Num_perm= 561
Num_perm= 562
Num_perm= 563
Num_perm= 564
Num_perm= 565
Num_perm= 566
Num_perm= 567
Num_perm= 568
Num_perm= 569
Num_perm= 570
Num_perm= 571
Num_perm= 572
Num_perm= 573
Num_perm= 574
Num_perm= 575
Num_perm= 576
Num_perm= 577
Num_perm= 578
Num_perm= 579
Num_perm= 580
Num_perm= 581
Num_perm= 582
Num_perm= 583
Num_perm= 584
Num_perm= 585
Num_perm= 586
Num_perm= 587
Num_perm= 588
Num_perm= 589
Num_perm= 590
Num_perm= 591
Num_perm= 592
Num_perm= 593
Num_perm= 594
Num_perm= 595
Num_perm= 596
Num_perm= 597
Num_perm= 598
Num_perm= 599
Num_perm= 600
Num_perm= 601
Num_perm= 602
Num_perm= 603
Num_perm= 604
Num_perm= 605
Num_perm= 606
Num_perm= 607
Num_perm= 608
Num_perm= 609
Num_perm= 610
Num_perm= 611
Num_perm= 612
Num_perm= 613
Num_perm= 614
Num_perm= 615
Num_perm= 616
Num_perm= 617
Num_perm= 618
Num_perm= 619
Num_perm= 620
Num_perm= 621
Num_perm= 622
Num_perm= 623
Num_perm= 624
Num_perm= 625
Num_perm= 626
Num_perm= 627
Num_perm= 628
Num_perm= 629
Num_perm= 630
Num_perm= 631
Num_perm= 632
Num_perm= 633
Num_perm= 634
Num_perm= 635
Num_perm= 636
Num_perm= 637
Num_perm= 638
Num_perm= 639
Num_perm= 640
Num_perm= 641
Num_perm= 642
Num_perm= 643
Num_perm= 644
Num_perm= 645
Num_perm= 646
Num_perm= 647
Num_perm= 648
Num_perm= 649
Num_perm= 650
Num_perm= 651
Num_perm= 652
Num_perm= 653
Num_perm= 654
Num_perm= 655
Num_perm= 656
Num_perm= 657
Num_perm= 658
Num_perm= 659
Num_perm= 660
Num_perm= 661
Num_perm= 662
Num_perm= 663
Num_perm= 664
Num_perm= 665
Num_perm= 666
Num_perm= 667
Num_perm= 668
Num_perm= 669
Num_perm= 670
Num_perm= 671
Num_perm= 672
Num_perm= 673
Num_perm= 674
Num_perm= 675
Num_perm= 676
Num_perm= 677
Num_perm= 678
Num_perm= 679
Num_perm= 680
Num_perm= 681
Num_perm= 682
Num_perm= 683
Num_perm= 684
Num_perm= 685
Num_perm= 686
Num_perm= 687
Num_perm= 688
Num_perm= 689
Num_perm= 690
Num_perm= 691
Num_perm= 692
Num_perm= 693
Num_perm= 694
Num_perm= 695
Num_perm= 696
Num_perm= 697
Num_perm= 698
Num_perm= 699
Num_perm= 700
Num_perm= 701
Num_perm= 702
Num_perm= 703
Num_perm= 704
Num_perm= 705
Num_perm= 706
Num_perm= 707
Num_perm= 708
Num_perm= 709
Num_perm= 710
Num_perm= 711
Num_perm= 712
Num_perm= 713
Num_perm= 714
Num_perm= 715
Num_perm= 716
Num_perm= 717
Num_perm= 718
Num_perm= 719
Num_perm= 720
Num_perm= 721
Num_perm= 722
Num_perm= 723
Num_perm= 724
Num_perm= 725
Num_perm= 726
Num_perm= 727
Num_perm= 728
Num_perm= 729
Num_perm= 730
Num_perm= 731
Num_perm= 732
Num_perm= 733
Num_perm= 734
Num_perm= 735
Num_perm= 736
Num_perm= 737
Num_perm= 738
Num_perm= 739
Num_perm= 740
Num_perm= 741
Num_perm= 742
Num_perm= 743
Num_perm= 744
Num_perm= 745
Num_perm= 746
Num_perm= 747
Num_perm= 748
Num_perm= 749
Num_perm= 750
Num_perm= 751
Num_perm= 752
Num_perm= 753
Num_perm= 754
Num_perm= 755
Num_perm= 756
Num_perm= 757
Num_perm= 758
Num_perm= 759
Num_perm= 760
Num_perm= 761
Num_perm= 762
Num_perm= 763
Num_perm= 764
Num_perm= 765
Num_perm= 766
Num_perm= 767
Num_perm= 768
Num_perm= 769
Num_perm= 770
Num_perm= 771
Num_perm= 772
Num_perm= 773
Num_perm= 774
Num_perm= 775
Num_perm= 776
Num_perm= 777
Num_perm= 778
Num_perm= 779
Num_perm= 780
Num_perm= 781
Num_perm= 782
Num_perm= 783
Num_perm= 784
Num_perm= 785
Num_perm= 786
Num_perm= 787
Num_perm= 788
Num_perm= 789
Num_perm= 790
Num_perm= 791
Num_perm= 792
Num_perm= 793
Num_perm= 794
Num_perm= 795
Num_perm= 796
Num_perm= 797
Num_perm= 798
Num_perm= 799
Num_perm= 800
Num_perm= 801
Num_perm= 802
Num_perm= 803
Num_perm= 804
Num_perm= 805
Num_perm= 806
Num_perm= 807
Num_perm= 808
Num_perm= 809
Num_perm= 810
Num_perm= 811
Num_perm= 812
Num_perm= 813
Num_perm= 814
Num_perm= 815
Num_perm= 816
Num_perm= 817
Num_perm= 818
Num_perm= 819
Num_perm= 820
Num_perm= 821
Num_perm= 822
Num_perm= 823
Num_perm= 824
Num_perm= 825
Num_perm= 826
Num_perm= 827
Num_perm= 828
Num_perm= 829
Num_perm= 830
Num_perm= 831
Num_perm= 832
Num_perm= 833
Num_perm= 834
Num_perm= 835
Num_perm= 836
Num_perm= 837
Num_perm= 838
Num_perm= 839
Num_perm= 840
Num_perm= 841
Num_perm= 842
Num_perm= 843
Num_perm= 844
Num_perm= 845
Num_perm= 846
Num_perm= 847
Num_perm= 848
Num_perm= 849
Num_perm= 850
Num_perm= 851
Num_perm= 852
Num_perm= 853
Num_perm= 854
Num_perm= 855
Num_perm= 856
Num_perm= 857
Num_perm= 858
Num_perm= 859
Num_perm= 860
Num_perm= 861
Num_perm= 862
Num_perm= 863
Num_perm= 864
Num_perm= 865
Num_perm= 866
Num_perm= 867
Num_perm= 868
Num_perm= 869
Num_perm= 870
Num_perm= 871
Num_perm= 872
Num_perm= 873
Num_perm= 874
Num_perm= 875
Num_perm= 876
Num_perm= 877
Num_perm= 878
Num_perm= 879
Num_perm= 880
Num_perm= 881
Num_perm= 882
Num_perm= 883
Num_perm= 884
Num_perm= 885
Num_perm= 886
Num_perm= 887
Num_perm= 888
Num_perm= 889
Num_perm= 890
Num_perm= 891
Num_perm= 892
Num_perm= 893
Num_perm= 894
Num_perm= 895
Num_perm= 896
Num_perm= 897
Num_perm= 898
Num_perm= 899
Num_perm= 900
Num_perm= 901
Num_perm= 902
Num_perm= 903
Num_perm= 904
Num_perm= 905
Num_perm= 906
Num_perm= 907
Num_perm= 908
Num_perm= 909
Num_perm= 910
Num_perm= 911
Num_perm= 912
Num_perm= 913
Num_perm= 914
Num_perm= 915
Num_perm= 916
Num_perm= 917
Num_perm= 918
Num_perm= 919
Num_perm= 920
Num_perm= 921
Num_perm= 922
Num_perm= 923
Num_perm= 924
Num_perm= 925
Num_perm= 926
Num_perm= 927
Num_perm= 928
Num_perm= 929
Num_perm= 930
Num_perm= 931
Num_perm= 932
Num_perm= 933
Num_perm= 934
Num_perm= 935
Num_perm= 936
Num_perm= 937
Num_perm= 938
Num_perm= 939
Num_perm= 940
Num_perm= 941
Num_perm= 942
Num_perm= 943
Num_perm= 944
Num_perm= 945
Num_perm= 946
Num_perm= 947
Num_perm= 948
Num_perm= 949
Num_perm= 950
Num_perm= 951
Num_perm= 952
Num_perm= 953
Num_perm= 954
Num_perm= 955
Num_perm= 956
Num_perm= 957
Num_perm= 958
Num_perm= 959
Num_perm= 960
Num_perm= 961
Num_perm= 962
Num_perm= 963
Num_perm= 964
Num_perm= 965
Num_perm= 966
Num_perm= 967
Num_perm= 968
Num_perm= 969
Num_perm= 970
Num_perm= 971
Num_perm= 972
Num_perm= 973
Num_perm= 974
Num_perm= 975
Num_perm= 976
Num_perm= 977
Num_perm= 978
Num_perm= 979
Num_perm= 980
Num_perm= 981
Num_perm= 982
Num_perm= 983
Num_perm= 984
Num_perm= 985
Num_perm= 986
Num_perm= 987
Num_perm= 988
Num_perm= 989
Num_perm= 990
Num_perm= 991
Num_perm= 992
Num_perm= 993
Num_perm= 994
Num_perm= 995
Num_perm= 996
Num_perm= 997
Num_perm= 998
Num_perm= 999
Saving avg-overlap gene lists (formats=('csv',))...

=== Pipeline 2: first_size_match_then_DI ===
Num_perm= 0
Num_perm= 1
Num_perm= 2
Num_perm= 3
Num_perm= 4
Num_perm= 5
Num_perm= 6
Num_perm= 7
Num_perm= 8
Num_perm= 9
Num_perm= 10
Num_perm= 11
Num_perm= 12
Num_perm= 13
Num_perm= 14
Num_perm= 15
Num_perm= 16
Num_perm= 17
Num_perm= 18
Num_perm= 19
Num_perm= 20
Num_perm= 21
Num_perm= 22
Num_perm= 23
Num_perm= 24
Num_perm= 25
Num_perm= 26
Num_perm= 27
Num_perm= 28
Num_perm= 29
Num_perm= 30
Num_perm= 31
Num_perm= 32
Num_perm= 33
Num_perm= 34
Num_perm= 35
Num_perm= 36
Num_perm= 37
Num_perm= 38
Num_perm= 39
Num_perm= 40
Num_perm= 41
Num_perm= 42
Num_perm= 43
Num_perm= 44
Num_perm= 45
Num_perm= 46
Num_perm= 47
Num_perm= 48
Num_perm= 49
Num_perm= 50
Num_perm= 51
Num_perm= 52
Num_perm= 53
Num_perm= 54
Num_perm= 55
Num_perm= 56
Num_perm= 57
Num_perm= 58
Num_perm= 59
Num_perm= 60
Num_perm= 61
Num_perm= 62
Num_perm= 63
Num_perm= 64
Num_perm= 65
Num_perm= 66
Num_perm= 67
Num_perm= 68
Num_perm= 69
Num_perm= 70
Num_perm= 71
Num_perm= 72
Num_perm= 73
Num_perm= 74
Num_perm= 75
Num_perm= 76
Num_perm= 77
Num_perm= 78
Num_perm= 79
Num_perm= 80
Num_perm= 81
Num_perm= 82
Num_perm= 83
Num_perm= 84
Num_perm= 85
Num_perm= 86
Num_perm= 87
Num_perm= 88
Num_perm= 89
Num_perm= 90
Num_perm= 91
Num_perm= 92
Num_perm= 93
Num_perm= 94
Num_perm= 95
Num_perm= 96
Num_perm= 97
Num_perm= 98
Num_perm= 99
Num_perm= 100
Num_perm= 101
Num_perm= 102
Num_perm= 103
Num_perm= 104
Num_perm= 105
Num_perm= 106
Num_perm= 107
Num_perm= 108
Num_perm= 109
Num_perm= 110
Num_perm= 111
Num_perm= 112
Num_perm= 113
Num_perm= 114
Num_perm= 115
Num_perm= 116
Num_perm= 117
Num_perm= 118
Num_perm= 119
Num_perm= 120
Num_perm= 121
Num_perm= 122
Num_perm= 123
Num_perm= 124
Num_perm= 125
Num_perm= 126
Num_perm= 127
Num_perm= 128
Num_perm= 129
Num_perm= 130
Num_perm= 131
Num_perm= 132
Num_perm= 133
Num_perm= 134
Num_perm= 135
Num_perm= 136
Num_perm= 137
Num_perm= 138
Num_perm= 139
Num_perm= 140
Num_perm= 141
Num_perm= 142
Num_perm= 143
Num_perm= 144
Num_perm= 145
Num_perm= 146
Num_perm= 147
Num_perm= 148
Num_perm= 149
Num_perm= 150
Num_perm= 151
Num_perm= 152
Num_perm= 153
Num_perm= 154
Num_perm= 155
Num_perm= 156
Num_perm= 157
Num_perm= 158
Num_perm= 159
Num_perm= 160
Num_perm= 161
Num_perm= 162
Num_perm= 163
Num_perm= 164
Num_perm= 165
Num_perm= 166
Num_perm= 167
Num_perm= 168
Num_perm= 169
Num_perm= 170
Num_perm= 171
Num_perm= 172
Num_perm= 173
Num_perm= 174
Num_perm= 175
Num_perm= 176
Num_perm= 177
Num_perm= 178
Num_perm= 179
Num_perm= 180
Num_perm= 181
Num_perm= 182
Num_perm= 183
Num_perm= 184
Num_perm= 185
Num_perm= 186
Num_perm= 187
Num_perm= 188
Num_perm= 189
Num_perm= 190
Num_perm= 191
Num_perm= 192
Num_perm= 193
Num_perm= 194
Num_perm= 195
Num_perm= 196
Num_perm= 197
Num_perm= 198
Num_perm= 199
Num_perm= 200
Num_perm= 201
Num_perm= 202
Num_perm= 203
Num_perm= 204
Num_perm= 205
Num_perm= 206
Num_perm= 207
Num_perm= 208
Num_perm= 209
Num_perm= 210
Num_perm= 211
Num_perm= 212
Num_perm= 213
Num_perm= 214
Num_perm= 215
Num_perm= 216
Num_perm= 217
Num_perm= 218
Num_perm= 219
Num_perm= 220
Num_perm= 221
Num_perm= 222
Num_perm= 223
Num_perm= 224
Num_perm= 225
Num_perm= 226
Num_perm= 227
Num_perm= 228
Num_perm= 229
Num_perm= 230
Num_perm= 231
Num_perm= 232
Num_perm= 233
Num_perm= 234
Num_perm= 235
Num_perm= 236
Num_perm= 237
Num_perm= 238
Num_perm= 239
Num_perm= 240
Num_perm= 241
Num_perm= 242
Num_perm= 243
Num_perm= 244
Num_perm= 245
Num_perm= 246
Num_perm= 247
Num_perm= 248
Num_perm= 249
Num_perm= 250
Num_perm= 251
Num_perm= 252
Num_perm= 253
Num_perm= 254
Num_perm= 255
Num_perm= 256
Num_perm= 257
Num_perm= 258
Num_perm= 259
Num_perm= 260
Num_perm= 261
Num_perm= 262
Num_perm= 263
Num_perm= 264
Num_perm= 265
Num_perm= 266
Num_perm= 267
Num_perm= 268
Num_perm= 269
Num_perm= 270
Num_perm= 271
Num_perm= 272
Num_perm= 273
Num_perm= 274
Num_perm= 275
Num_perm= 276
Num_perm= 277
Num_perm= 278
Num_perm= 279
Num_perm= 280
Num_perm= 281
Num_perm= 282
Num_perm= 283
Num_perm= 284
Num_perm= 285
Num_perm= 286
Num_perm= 287
Num_perm= 288
Num_perm= 289
Num_perm= 290
Num_perm= 291
Num_perm= 292
Num_perm= 293
Num_perm= 294
Num_perm= 295
Num_perm= 296
Num_perm= 297
Num_perm= 298
Num_perm= 299
Num_perm= 300
Num_perm= 301
Num_perm= 302
Num_perm= 303
Num_perm= 304
Num_perm= 305
Num_perm= 306
Num_perm= 307
Num_perm= 308
Num_perm= 309
Num_perm= 310
Num_perm= 311
Num_perm= 312
Num_perm= 313
Num_perm= 314
Num_perm= 315
Num_perm= 316
Num_perm= 317
Num_perm= 318
Num_perm= 319
Num_perm= 320
Num_perm= 321
Num_perm= 322
Num_perm= 323
Num_perm= 324
Num_perm= 325
Num_perm= 326
Num_perm= 327
Num_perm= 328
Num_perm= 329
Num_perm= 330
Num_perm= 331
Num_perm= 332
Num_perm= 333
Num_perm= 334
Num_perm= 335
Num_perm= 336
Num_perm= 337
Num_perm= 338
Num_perm= 339
Num_perm= 340
Num_perm= 341
Num_perm= 342
Num_perm= 343
Num_perm= 344
Num_perm= 345
Num_perm= 346
Num_perm= 347
Num_perm= 348
Num_perm= 349
Num_perm= 350
Num_perm= 351
Num_perm= 352
Num_perm= 353
Num_perm= 354
Num_perm= 355
Num_perm= 356
Num_perm= 357
Num_perm= 358
Num_perm= 359
Num_perm= 360
Num_perm= 361
Num_perm= 362
Num_perm= 363
Num_perm= 364
Num_perm= 365
Num_perm= 366
Num_perm= 367
Num_perm= 368
Num_perm= 369
Num_perm= 370
Num_perm= 371
Num_perm= 372
Num_perm= 373
Num_perm= 374
Num_perm= 375
Num_perm= 376
Num_perm= 377
Num_perm= 378
Num_perm= 379
Num_perm= 380
Num_perm= 381
Num_perm= 382
Num_perm= 383
Num_perm= 384
Num_perm= 385
Num_perm= 386
Num_perm= 387
Num_perm= 388
Num_perm= 389
Num_perm= 390
Num_perm= 391
Num_perm= 392
Num_perm= 393
Num_perm= 394
Num_perm= 395
Num_perm= 396
Num_perm= 397
Num_perm= 398
Num_perm= 399
Num_perm= 400
Num_perm= 401
Num_perm= 402
Num_perm= 403
Num_perm= 404
Num_perm= 405
Num_perm= 406
Num_perm= 407
Num_perm= 408
Num_perm= 409
Num_perm= 410
Num_perm= 411
Num_perm= 412
Num_perm= 413
Num_perm= 414
Num_perm= 415
Num_perm= 416
Num_perm= 417
Num_perm= 418
Num_perm= 419
Num_perm= 420
Num_perm= 421
Num_perm= 422
Num_perm= 423
Num_perm= 424
Num_perm= 425
Num_perm= 426
Num_perm= 427
Num_perm= 428
Num_perm= 429
Num_perm= 430
Num_perm= 431
Num_perm= 432
Num_perm= 433
Num_perm= 434
Num_perm= 435
Num_perm= 436
Num_perm= 437
Num_perm= 438
Num_perm= 439
Num_perm= 440
Num_perm= 441
Num_perm= 442
Num_perm= 443
Num_perm= 444
Num_perm= 445
Num_perm= 446
Num_perm= 447
Num_perm= 448
Num_perm= 449
Num_perm= 450
Num_perm= 451
Num_perm= 452
Num_perm= 453
Num_perm= 454
Num_perm= 455
Num_perm= 456
Num_perm= 457
Num_perm= 458
Num_perm= 459
Num_perm= 460
Num_perm= 461
Num_perm= 462
Num_perm= 463
Num_perm= 464
Num_perm= 465
Num_perm= 466
Num_perm= 467
Num_perm= 468
Num_perm= 469
Num_perm= 470
Num_perm= 471
Num_perm= 472
Num_perm= 473
Num_perm= 474
Num_perm= 475
Num_perm= 476
Num_perm= 477
Num_perm= 478
Num_perm= 479
Num_perm= 480
Num_perm= 481
Num_perm= 482
Num_perm= 483
Num_perm= 484
Num_perm= 485
Num_perm= 486
Num_perm= 487
Num_perm= 488
Num_perm= 489
Num_perm= 490
Num_perm= 491
Num_perm= 492
Num_perm= 493
Num_perm= 494
Num_perm= 495
Num_perm= 496
Num_perm= 497
Num_perm= 498
Num_perm= 499
Num_perm= 500
Num_perm= 501
Num_perm= 502
Num_perm= 503
Num_perm= 504
Num_perm= 505
Num_perm= 506
Num_perm= 507
Num_perm= 508
Num_perm= 509
Num_perm= 510
Num_perm= 511
Num_perm= 512
Num_perm= 513
Num_perm= 514
Num_perm= 515
Num_perm= 516
Num_perm= 517
Num_perm= 518
Num_perm= 519
Num_perm= 520
Num_perm= 521
Num_perm= 522
Num_perm= 523
Num_perm= 524
Num_perm= 525
Num_perm= 526
Num_perm= 527
Num_perm= 528
Num_perm= 529
Num_perm= 530
Num_perm= 531
Num_perm= 532
Num_perm= 533
Num_perm= 534
Num_perm= 535
Num_perm= 536
Num_perm= 537
Num_perm= 538
Num_perm= 539
Num_perm= 540
Num_perm= 541
Num_perm= 542
Num_perm= 543
Num_perm= 544
Num_perm= 545
Num_perm= 546
Num_perm= 547
Num_perm= 548
Num_perm= 549
Num_perm= 550
Num_perm= 551
Num_perm= 552
Num_perm= 553
Num_perm= 554
Num_perm= 555
Num_perm= 556
Num_perm= 557
Num_perm= 558
Num_perm= 559
Num_perm= 560
Num_perm= 561
Num_perm= 562
Num_perm= 563
Num_perm= 564
Num_perm= 565
Num_perm= 566
Num_perm= 567
Num_perm= 568
Num_perm= 569
Num_perm= 570
Num_perm= 571
Num_perm= 572
Num_perm= 573
Num_perm= 574
Num_perm= 575
Num_perm= 576
Num_perm= 577
Num_perm= 578
Num_perm= 579
Num_perm= 580
Num_perm= 581
Num_perm= 582
Num_perm= 583
Num_perm= 584
Num_perm= 585
Num_perm= 586
Num_perm= 587
Num_perm= 588
Num_perm= 589
Num_perm= 590
Num_perm= 591
Num_perm= 592
Num_perm= 593
Num_perm= 594
Num_perm= 595
Num_perm= 596
Num_perm= 597
Num_perm= 598
Num_perm= 599
Num_perm= 600
Num_perm= 601
Num_perm= 602
Num_perm= 603
Num_perm= 604
Num_perm= 605
Num_perm= 606
Num_perm= 607
Num_perm= 608
Num_perm= 609
Num_perm= 610
Num_perm= 611
Num_perm= 612
Num_perm= 613
Num_perm= 614
Num_perm= 615
Num_perm= 616
Num_perm= 617
Num_perm= 618
Num_perm= 619
Num_perm= 620
Num_perm= 621
Num_perm= 622
Num_perm= 623
Num_perm= 624
Num_perm= 625
Num_perm= 626
Num_perm= 627
Num_perm= 628
Num_perm= 629
Num_perm= 630
Num_perm= 631
Num_perm= 632
Num_perm= 633
Num_perm= 634
Num_perm= 635
Num_perm= 636
Num_perm= 637
Num_perm= 638
Num_perm= 639
Num_perm= 640
Num_perm= 641
Num_perm= 642
Num_perm= 643
Num_perm= 644
Num_perm= 645
Num_perm= 646
Num_perm= 647
Num_perm= 648
Num_perm= 649
Num_perm= 650
Num_perm= 651
Num_perm= 652
Num_perm= 653
Num_perm= 654
Num_perm= 655
Num_perm= 656
Num_perm= 657
Num_perm= 658
Num_perm= 659
Num_perm= 660
Num_perm= 661
Num_perm= 662
Num_perm= 663
Num_perm= 664
Num_perm= 665
Num_perm= 666
Num_perm= 667
Num_perm= 668
Num_perm= 669
Num_perm= 670
Num_perm= 671
Num_perm= 672
Num_perm= 673
Num_perm= 674
Num_perm= 675
Num_perm= 676
Num_perm= 677
Num_perm= 678
Num_perm= 679
Num_perm= 680
Num_perm= 681
Num_perm= 682
Num_perm= 683
Num_perm= 684
Num_perm= 685
Num_perm= 686
Num_perm= 687
Num_perm= 688
Num_perm= 689
Num_perm= 690
Num_perm= 691
Num_perm= 692
Num_perm= 693
Num_perm= 694
Num_perm= 695
Num_perm= 696
Num_perm= 697
Num_perm= 698
Num_perm= 699
Num_perm= 700
Num_perm= 701
Num_perm= 702
Num_perm= 703
Num_perm= 704
Num_perm= 705
Num_perm= 706
Num_perm= 707
Num_perm= 708
Num_perm= 709
Num_perm= 710
Num_perm= 711
Num_perm= 712
Num_perm= 713
Num_perm= 714
Num_perm= 715
Num_perm= 716
Num_perm= 717
Num_perm= 718
Num_perm= 719
Num_perm= 720
Num_perm= 721
Num_perm= 722
Num_perm= 723
Num_perm= 724
Num_perm= 725
Num_perm= 726
Num_perm= 727
Num_perm= 728
Num_perm= 729
Num_perm= 730
Num_perm= 731
Num_perm= 732
Num_perm= 733
Num_perm= 734
Num_perm= 735
Num_perm= 736
Num_perm= 737
Num_perm= 738
Num_perm= 739
Num_perm= 740
Num_perm= 741
Num_perm= 742
Num_perm= 743
Num_perm= 744
Num_perm= 745
Num_perm= 746
Num_perm= 747
Num_perm= 748
Num_perm= 749
Num_perm= 750
Num_perm= 751
Num_perm= 752
Num_perm= 753
Num_perm= 754
Num_perm= 755
Num_perm= 756
Num_perm= 757
Num_perm= 758
Num_perm= 759
Num_perm= 760
Num_perm= 761
Num_perm= 762
Num_perm= 763
Num_perm= 764
Num_perm= 765
Num_perm= 766
Num_perm= 767
Num_perm= 768
Num_perm= 769
Num_perm= 770
Num_perm= 771
Num_perm= 772
Num_perm= 773
Num_perm= 774
Num_perm= 775
Num_perm= 776
Num_perm= 777
Num_perm= 778
Num_perm= 779
Num_perm= 780
Num_perm= 781
Num_perm= 782
Num_perm= 783
Num_perm= 784
Num_perm= 785
Num_perm= 786
Num_perm= 787
Num_perm= 788
Num_perm= 789
Num_perm= 790
Num_perm= 791
Num_perm= 792
Num_perm= 793
Num_perm= 794
Num_perm= 795
Num_perm= 796
Num_perm= 797
Num_perm= 798
Num_perm= 799
Num_perm= 800
Num_perm= 801
Num_perm= 802
Num_perm= 803
Num_perm= 804
Num_perm= 805
Num_perm= 806
Num_perm= 807
Num_perm= 808
Num_perm= 809
Num_perm= 810
Num_perm= 811
Num_perm= 812
Num_perm= 813
Num_perm= 814
Num_perm= 815
Num_perm= 816
Num_perm= 817
Num_perm= 818
Num_perm= 819
Num_perm= 820
Num_perm= 821
Num_perm= 822
Num_perm= 823
Num_perm= 824
Num_perm= 825
Num_perm= 826
Num_perm= 827
Num_perm= 828
Num_perm= 829
Num_perm= 830
Num_perm= 831
Num_perm= 832
Num_perm= 833
Num_perm= 834
Num_perm= 835
Num_perm= 836
Num_perm= 837
Num_perm= 838
Num_perm= 839
Num_perm= 840
Num_perm= 841
Num_perm= 842
Num_perm= 843
Num_perm= 844
Num_perm= 845
Num_perm= 846
Num_perm= 847
Num_perm= 848
Num_perm= 849
Num_perm= 850
Num_perm= 851
Num_perm= 852
Num_perm= 853
Num_perm= 854
Num_perm= 855
Num_perm= 856
Num_perm= 857
Num_perm= 858
Num_perm= 859
Num_perm= 860
Num_perm= 861
Num_perm= 862
Num_perm= 863
Num_perm= 864
Num_perm= 865
Num_perm= 866
Num_perm= 867
Num_perm= 868
Num_perm= 869
Num_perm= 870
Num_perm= 871
Num_perm= 872
Num_perm= 873
Num_perm= 874
Num_perm= 875
Num_perm= 876
Num_perm= 877
Num_perm= 878
Num_perm= 879
Num_perm= 880
Num_perm= 881
Num_perm= 882
Num_perm= 883
Num_perm= 884
Num_perm= 885
Num_perm= 886
Num_perm= 887
Num_perm= 888
Num_perm= 889
Num_perm= 890
Num_perm= 891
Num_perm= 892
Num_perm= 893
Num_perm= 894
Num_perm= 895
Num_perm= 896
Num_perm= 897
Num_perm= 898
Num_perm= 899
Num_perm= 900
Num_perm= 901
Num_perm= 902
Num_perm= 903
Num_perm= 904
Num_perm= 905
Num_perm= 906
Num_perm= 907
Num_perm= 908
Num_perm= 909
Num_perm= 910
Num_perm= 911
Num_perm= 912
Num_perm= 913
Num_perm= 914
Num_perm= 915
Num_perm= 916
Num_perm= 917
Num_perm= 918
Num_perm= 919
Num_perm= 920
Num_perm= 921
Num_perm= 922
Num_perm= 923
Num_perm= 924
Num_perm= 925
Num_perm= 926
Num_perm= 927
Num_perm= 928
Num_perm= 929
Num_perm= 930
Num_perm= 931
Num_perm= 932
Num_perm= 933
Num_perm= 934
Num_perm= 935
Num_perm= 936
Num_perm= 937
Num_perm= 938
Num_perm= 939
Num_perm= 940
Num_perm= 941
Num_perm= 942
Num_perm= 943
Num_perm= 944
Num_perm= 945
Num_perm= 946
Num_perm= 947
Num_perm= 948
Num_perm= 949
Num_perm= 950
Num_perm= 951
Num_perm= 952
Num_perm= 953
Num_perm= 954
Num_perm= 955
Num_perm= 956
Num_perm= 957
Num_perm= 958
Num_perm= 959
Num_perm= 960
Num_perm= 961
Num_perm= 962
Num_perm= 963
Num_perm= 964
Num_perm= 965
Num_perm= 966
Num_perm= 967
Num_perm= 968
Num_perm= 969
Num_perm= 970
Num_perm= 971
Num_perm= 972
Num_perm= 973
Num_perm= 974
Num_perm= 975
Num_perm= 976
Num_perm= 977
Num_perm= 978
Num_perm= 979
Num_perm= 980
Num_perm= 981
Num_perm= 982
Num_perm= 983
Num_perm= 984
Num_perm= 985
Num_perm= 986
Num_perm= 987
Num_perm= 988
Num_perm= 989
Num_perm= 990
Num_perm= 991
Num_perm= 992
Num_perm= 993
Num_perm= 994
Num_perm= 995
Num_perm= 996
Num_perm= 997
Num_perm= 998
Num_perm= 999
Saving avg-overlap gene lists (formats=('csv',))...

=== Pipeline 3: sig_only_size_match ===
Num_perm= 0
Num_perm= 1
Num_perm= 2
Num_perm= 3
Num_perm= 4
Num_perm= 5
Num_perm= 6
Num_perm= 7
Num_perm= 8
Num_perm= 9
Num_perm= 10
Num_perm= 11
Num_perm= 12
Num_perm= 13
Num_perm= 14
Num_perm= 15
Num_perm= 16
Num_perm= 17
Num_perm= 18
Num_perm= 19
Num_perm= 20
Num_perm= 21
Num_perm= 22
Num_perm= 23
Num_perm= 24
Num_perm= 25
Num_perm= 26
Num_perm= 27
Num_perm= 28
Num_perm= 29
Num_perm= 30
Num_perm= 31
Num_perm= 32
Num_perm= 33
Num_perm= 34
Num_perm= 35
Num_perm= 36
Num_perm= 37
Num_perm= 38
Num_perm= 39
Num_perm= 40
Num_perm= 41
Num_perm= 42
Num_perm= 43
Num_perm= 44
Num_perm= 45
Num_perm= 46
Num_perm= 47
Num_perm= 48
Num_perm= 49
Num_perm= 50
Num_perm= 51
Num_perm= 52
Num_perm= 53
Num_perm= 54
Num_perm= 55
Num_perm= 56
Num_perm= 57
Num_perm= 58
Num_perm= 59
Num_perm= 60
Num_perm= 61
Num_perm= 62
Num_perm= 63
Num_perm= 64
Num_perm= 65
Num_perm= 66
Num_perm= 67
Num_perm= 68
Num_perm= 69
Num_perm= 70
Num_perm= 71
Num_perm= 72
Num_perm= 73
Num_perm= 74
Num_perm= 75
Num_perm= 76
Num_perm= 77
Num_perm= 78
Num_perm= 79
Num_perm= 80
Num_perm= 81
Num_perm= 82
Num_perm= 83
Num_perm= 84
Num_perm= 85
Num_perm= 86
Num_perm= 87
Num_perm= 88
Num_perm= 89
Num_perm= 90
Num_perm= 91
Num_perm= 92
Num_perm= 93
Num_perm= 94
Num_perm= 95
Num_perm= 96
Num_perm= 97
Num_perm= 98
Num_perm= 99
Num_perm= 100
Num_perm= 101
Num_perm= 102
Num_perm= 103
Num_perm= 104
Num_perm= 105
Num_perm= 106
Num_perm= 107
Num_perm= 108
Num_perm= 109
Num_perm= 110
Num_perm= 111
Num_perm= 112
Num_perm= 113
Num_perm= 114
Num_perm= 115
Num_perm= 116
Num_perm= 117
Num_perm= 118
Num_perm= 119
Num_perm= 120
Num_perm= 121
Num_perm= 122
Num_perm= 123
Num_perm= 124
Num_perm= 125
Num_perm= 126
Num_perm= 127
Num_perm= 128
Num_perm= 129
Num_perm= 130
Num_perm= 131
Num_perm= 132
Num_perm= 133
Num_perm= 134
Num_perm= 135
Num_perm= 136
Num_perm= 137
Num_perm= 138
Num_perm= 139
Num_perm= 140
Num_perm= 141
Num_perm= 142
Num_perm= 143
Num_perm= 144
Num_perm= 145
Num_perm= 146
Num_perm= 147
Num_perm= 148
Num_perm= 149
Num_perm= 150
Num_perm= 151
Num_perm= 152
Num_perm= 153
Num_perm= 154
Num_perm= 155
Num_perm= 156
Num_perm= 157
Num_perm= 158
Num_perm= 159
Num_perm= 160
Num_perm= 161
Num_perm= 162
Num_perm= 163
Num_perm= 164
Num_perm= 165
Num_perm= 166
Num_perm= 167
Num_perm= 168
Num_perm= 169
Num_perm= 170
Num_perm= 171
Num_perm= 172
Num_perm= 173
Num_perm= 174
Num_perm= 175
Num_perm= 176
Num_perm= 177
Num_perm= 178
Num_perm= 179
Num_perm= 180
Num_perm= 181
Num_perm= 182
Num_perm= 183
Num_perm= 184
Num_perm= 185
Num_perm= 186
Num_perm= 187
Num_perm= 188
Num_perm= 189
Num_perm= 190
Num_perm= 191
Num_perm= 192
Num_perm= 193
Num_perm= 194
Num_perm= 195
Num_perm= 196
Num_perm= 197
Num_perm= 198
Num_perm= 199
Num_perm= 200
Num_perm= 201
Num_perm= 202
Num_perm= 203
Num_perm= 204
Num_perm= 205
Num_perm= 206
Num_perm= 207
Num_perm= 208
Num_perm= 209
Num_perm= 210
Num_perm= 211
Num_perm= 212
Num_perm= 213
Num_perm= 214
Num_perm= 215
Num_perm= 216
Num_perm= 217
Num_perm= 218
Num_perm= 219
Num_perm= 220
Num_perm= 221
Num_perm= 222
Num_perm= 223
Num_perm= 224
Num_perm= 225
Num_perm= 226
Num_perm= 227
Num_perm= 228
Num_perm= 229
Num_perm= 230
Num_perm= 231
Num_perm= 232
Num_perm= 233
Num_perm= 234
Num_perm= 235
Num_perm= 236
Num_perm= 237
Num_perm= 238
Num_perm= 239
Num_perm= 240
Num_perm= 241
Num_perm= 242
Num_perm= 243
Num_perm= 244
Num_perm= 245
Num_perm= 246
Num_perm= 247
Num_perm= 248
Num_perm= 249
Num_perm= 250
Num_perm= 251
Num_perm= 252
Num_perm= 253
Num_perm= 254
Num_perm= 255
Num_perm= 256
Num_perm= 257
Num_perm= 258
Num_perm= 259
Num_perm= 260
Num_perm= 261
Num_perm= 262
Num_perm= 263
Num_perm= 264
Num_perm= 265
Num_perm= 266
Num_perm= 267
Num_perm= 268
Num_perm= 269
Num_perm= 270
Num_perm= 271
Num_perm= 272
Num_perm= 273
Num_perm= 274
Num_perm= 275
Num_perm= 276
Num_perm= 277
Num_perm= 278
Num_perm= 279
Num_perm= 280
Num_perm= 281
Num_perm= 282
Num_perm= 283
Num_perm= 284
Num_perm= 285
Num_perm= 286
Num_perm= 287
Num_perm= 288
Num_perm= 289
Num_perm= 290
Num_perm= 291
Num_perm= 292
Num_perm= 293
Num_perm= 294
Num_perm= 295
Num_perm= 296
Num_perm= 297
Num_perm= 298
Num_perm= 299
Num_perm= 300
Num_perm= 301
Num_perm= 302
Num_perm= 303
Num_perm= 304
Num_perm= 305
Num_perm= 306
Num_perm= 307
Num_perm= 308
Num_perm= 309
Num_perm= 310
Num_perm= 311
Num_perm= 312
Num_perm= 313
Num_perm= 314
Num_perm= 315
Num_perm= 316
Num_perm= 317
Num_perm= 318
Num_perm= 319
Num_perm= 320
Num_perm= 321
Num_perm= 322
Num_perm= 323
Num_perm= 324
Num_perm= 325
Num_perm= 326
Num_perm= 327
Num_perm= 328
Num_perm= 329
Num_perm= 330
Num_perm= 331
Num_perm= 332
Num_perm= 333
Num_perm= 334
Num_perm= 335
Num_perm= 336
Num_perm= 337
Num_perm= 338
Num_perm= 339
Num_perm= 340
Num_perm= 341
Num_perm= 342
Num_perm= 343
Num_perm= 344
Num_perm= 345
Num_perm= 346
Num_perm= 347
Num_perm= 348
Num_perm= 349
Num_perm= 350
Num_perm= 351
Num_perm= 352
Num_perm= 353
Num_perm= 354
Num_perm= 355
Num_perm= 356
Num_perm= 357
Num_perm= 358
Num_perm= 359
Num_perm= 360
Num_perm= 361
Num_perm= 362
Num_perm= 363
Num_perm= 364
Num_perm= 365
Num_perm= 366
Num_perm= 367
Num_perm= 368
Num_perm= 369
Num_perm= 370
Num_perm= 371
Num_perm= 372
Num_perm= 373
Num_perm= 374
Num_perm= 375
Num_perm= 376
Num_perm= 377
Num_perm= 378
Num_perm= 379
Num_perm= 380
Num_perm= 381
Num_perm= 382
Num_perm= 383
Num_perm= 384
Num_perm= 385
Num_perm= 386
Num_perm= 387
Num_perm= 388
Num_perm= 389
Num_perm= 390
Num_perm= 391
Num_perm= 392
Num_perm= 393
Num_perm= 394
Num_perm= 395
Num_perm= 396
Num_perm= 397
Num_perm= 398
Num_perm= 399
Num_perm= 400
Num_perm= 401
Num_perm= 402
Num_perm= 403
Num_perm= 404
Num_perm= 405
Num_perm= 406
Num_perm= 407
Num_perm= 408
Num_perm= 409
Num_perm= 410
Num_perm= 411
Num_perm= 412
Num_perm= 413
Num_perm= 414
Num_perm= 415
Num_perm= 416
Num_perm= 417
Num_perm= 418
Num_perm= 419
Num_perm= 420
Num_perm= 421
Num_perm= 422
Num_perm= 423
Num_perm= 424
Num_perm= 425
Num_perm= 426
Num_perm= 427
Num_perm= 428
Num_perm= 429
Num_perm= 430
Num_perm= 431
Num_perm= 432
Num_perm= 433
Num_perm= 434
Num_perm= 435
Num_perm= 436
Num_perm= 437
Num_perm= 438
Num_perm= 439
Num_perm= 440
Num_perm= 441
Num_perm= 442
Num_perm= 443
Num_perm= 444
Num_perm= 445
Num_perm= 446
Num_perm= 447
Num_perm= 448
Num_perm= 449
Num_perm= 450
Num_perm= 451
Num_perm= 452
Num_perm= 453
Num_perm= 454
Num_perm= 455
Num_perm= 456
Num_perm= 457
Num_perm= 458
Num_perm= 459
Num_perm= 460
Num_perm= 461
Num_perm= 462
Num_perm= 463
Num_perm= 464
Num_perm= 465
Num_perm= 466
Num_perm= 467
Num_perm= 468
Num_perm= 469
Num_perm= 470
Num_perm= 471
Num_perm= 472
Num_perm= 473
Num_perm= 474
Num_perm= 475
Num_perm= 476
Num_perm= 477
Num_perm= 478
Num_perm= 479
Num_perm= 480
Num_perm= 481
Num_perm= 482
Num_perm= 483
Num_perm= 484
Num_perm= 485
Num_perm= 486
Num_perm= 487
Num_perm= 488
Num_perm= 489
Num_perm= 490
Num_perm= 491
Num_perm= 492
Num_perm= 493
Num_perm= 494
Num_perm= 495
Num_perm= 496
Num_perm= 497
Num_perm= 498
Num_perm= 499
Num_perm= 500
Num_perm= 501
Num_perm= 502
Num_perm= 503
Num_perm= 504
Num_perm= 505
Num_perm= 506
Num_perm= 507
Num_perm= 508
Num_perm= 509
Num_perm= 510
Num_perm= 511
Num_perm= 512
Num_perm= 513
Num_perm= 514
Num_perm= 515
Num_perm= 516
Num_perm= 517
Num_perm= 518
Num_perm= 519
Num_perm= 520
Num_perm= 521
Num_perm= 522
Num_perm= 523
Num_perm= 524
Num_perm= 525
Num_perm= 526
Num_perm= 527
Num_perm= 528
Num_perm= 529
Num_perm= 530
Num_perm= 531
Num_perm= 532
Num_perm= 533
Num_perm= 534
Num_perm= 535
Num_perm= 536
Num_perm= 537
Num_perm= 538
Num_perm= 539
Num_perm= 540
Num_perm= 541
Num_perm= 542
Num_perm= 543
Num_perm= 544
Num_perm= 545
Num_perm= 546
Num_perm= 547
Num_perm= 548
Num_perm= 549
Num_perm= 550
Num_perm= 551
Num_perm= 552
Num_perm= 553
Num_perm= 554
Num_perm= 555
Num_perm= 556
Num_perm= 557
Num_perm= 558
Num_perm= 559
Num_perm= 560
Num_perm= 561
Num_perm= 562
Num_perm= 563
Num_perm= 564
Num_perm= 565
Num_perm= 566
Num_perm= 567
Num_perm= 568
Num_perm= 569
Num_perm= 570
Num_perm= 571
Num_perm= 572
Num_perm= 573
Num_perm= 574
Num_perm= 575
Num_perm= 576
Num_perm= 577
Num_perm= 578
Num_perm= 579
Num_perm= 580
Num_perm= 581
Num_perm= 582
Num_perm= 583
Num_perm= 584
Num_perm= 585
Num_perm= 586
Num_perm= 587
Num_perm= 588
Num_perm= 589
Num_perm= 590
Num_perm= 591
Num_perm= 592
Num_perm= 593
Num_perm= 594
Num_perm= 595
Num_perm= 596
Num_perm= 597
Num_perm= 598
Num_perm= 599
Num_perm= 600
Num_perm= 601
Num_perm= 602
Num_perm= 603
Num_perm= 604
Num_perm= 605
Num_perm= 606
Num_perm= 607
Num_perm= 608
Num_perm= 609
Num_perm= 610
Num_perm= 611
Num_perm= 612
Num_perm= 613
Num_perm= 614
Num_perm= 615
Num_perm= 616
Num_perm= 617
Num_perm= 618
Num_perm= 619
Num_perm= 620
Num_perm= 621
Num_perm= 622
Num_perm= 623
Num_perm= 624
Num_perm= 625
Num_perm= 626
Num_perm= 627
Num_perm= 628
Num_perm= 629
Num_perm= 630
Num_perm= 631
Num_perm= 632
Num_perm= 633
Num_perm= 634
Num_perm= 635
Num_perm= 636
Num_perm= 637
Num_perm= 638
Num_perm= 639
Num_perm= 640
Num_perm= 641
Num_perm= 642
Num_perm= 643
Num_perm= 644
Num_perm= 645
Num_perm= 646
Num_perm= 647
Num_perm= 648
Num_perm= 649
Num_perm= 650
Num_perm= 651
Num_perm= 652
Num_perm= 653
Num_perm= 654
Num_perm= 655
Num_perm= 656
Num_perm= 657
Num_perm= 658
Num_perm= 659
Num_perm= 660
Num_perm= 661
Num_perm= 662
Num_perm= 663
Num_perm= 664
Num_perm= 665
Num_perm= 666
Num_perm= 667
Num_perm= 668
Num_perm= 669
Num_perm= 670
Num_perm= 671
Num_perm= 672
Num_perm= 673
Num_perm= 674
Num_perm= 675
Num_perm= 676
Num_perm= 677
Num_perm= 678
Num_perm= 679
Num_perm= 680
Num_perm= 681
Num_perm= 682
Num_perm= 683
Num_perm= 684
Num_perm= 685
Num_perm= 686
Num_perm= 687
Num_perm= 688
Num_perm= 689
Num_perm= 690
Num_perm= 691
Num_perm= 692
Num_perm= 693
Num_perm= 694
Num_perm= 695
Num_perm= 696
Num_perm= 697
Num_perm= 698
Num_perm= 699
Num_perm= 700
Num_perm= 701
Num_perm= 702
Num_perm= 703
Num_perm= 704
Num_perm= 705
Num_perm= 706
Num_perm= 707
Num_perm= 708
Num_perm= 709
Num_perm= 710
Num_perm= 711
Num_perm= 712
Num_perm= 713
Num_perm= 714
Num_perm= 715
Num_perm= 716
Num_perm= 717
Num_perm= 718
Num_perm= 719
Num_perm= 720
Num_perm= 721
Num_perm= 722
Num_perm= 723
Num_perm= 724
Num_perm= 725
Num_perm= 726
Num_perm= 727
Num_perm= 728
Num_perm= 729
Num_perm= 730
Num_perm= 731
Num_perm= 732
Num_perm= 733
Num_perm= 734
Num_perm= 735
Num_perm= 736
Num_perm= 737
Num_perm= 738
Num_perm= 739
Num_perm= 740
Num_perm= 741
Num_perm= 742
Num_perm= 743
Num_perm= 744
Num_perm= 745
Num_perm= 746
Num_perm= 747
Num_perm= 748
Num_perm= 749
Num_perm= 750
Num_perm= 751
Num_perm= 752
Num_perm= 753
Num_perm= 754
Num_perm= 755
Num_perm= 756
Num_perm= 757
Num_perm= 758
Num_perm= 759
Num_perm= 760
Num_perm= 761
Num_perm= 762
Num_perm= 763
Num_perm= 764
Num_perm= 765
Num_perm= 766
Num_perm= 767
Num_perm= 768
Num_perm= 769
Num_perm= 770
Num_perm= 771
Num_perm= 772
Num_perm= 773
Num_perm= 774
Num_perm= 775
Num_perm= 776
Num_perm= 777
Num_perm= 778
Num_perm= 779
Num_perm= 780
Num_perm= 781
Num_perm= 782
Num_perm= 783
Num_perm= 784
Num_perm= 785
Num_perm= 786
Num_perm= 787
Num_perm= 788
Num_perm= 789
Num_perm= 790
Num_perm= 791
Num_perm= 792
Num_perm= 793
Num_perm= 794
Num_perm= 795
Num_perm= 796
Num_perm= 797
Num_perm= 798
Num_perm= 799
Num_perm= 800
Num_perm= 801
Num_perm= 802
Num_perm= 803
Num_perm= 804
Num_perm= 805
Num_perm= 806
Num_perm= 807
Num_perm= 808
Num_perm= 809
Num_perm= 810
Num_perm= 811
Num_perm= 812
Num_perm= 813
Num_perm= 814
Num_perm= 815
Num_perm= 816
Num_perm= 817
Num_perm= 818
Num_perm= 819
Num_perm= 820
Num_perm= 821
Num_perm= 822
Num_perm= 823
Num_perm= 824
Num_perm= 825
Num_perm= 826
Num_perm= 827
Num_perm= 828
Num_perm= 829
Num_perm= 830
Num_perm= 831
Num_perm= 832
Num_perm= 833
Num_perm= 834
Num_perm= 835
Num_perm= 836
Num_perm= 837
Num_perm= 838
Num_perm= 839
Num_perm= 840
Num_perm= 841
Num_perm= 842
Num_perm= 843
Num_perm= 844
Num_perm= 845
Num_perm= 846
Num_perm= 847
Num_perm= 848
Num_perm= 849
Num_perm= 850
Num_perm= 851
Num_perm= 852
Num_perm= 853
Num_perm= 854
Num_perm= 855
Num_perm= 856
Num_perm= 857
Num_perm= 858
Num_perm= 859
Num_perm= 860
Num_perm= 861
Num_perm= 862
Num_perm= 863
Num_perm= 864
Num_perm= 865
Num_perm= 866
Num_perm= 867
Num_perm= 868
Num_perm= 869
Num_perm= 870
Num_perm= 871
Num_perm= 872
Num_perm= 873
Num_perm= 874
Num_perm= 875
Num_perm= 876
Num_perm= 877
Num_perm= 878
Num_perm= 879
Num_perm= 880
Num_perm= 881
Num_perm= 882
Num_perm= 883
Num_perm= 884
Num_perm= 885
Num_perm= 886
Num_perm= 887
Num_perm= 888
Num_perm= 889
Num_perm= 890
Num_perm= 891
Num_perm= 892
Num_perm= 893
Num_perm= 894
Num_perm= 895
Num_perm= 896
Num_perm= 897
Num_perm= 898
Num_perm= 899
Num_perm= 900
Num_perm= 901
Num_perm= 902
Num_perm= 903
Num_perm= 904
Num_perm= 905
Num_perm= 906
Num_perm= 907
Num_perm= 908
Num_perm= 909
Num_perm= 910
Num_perm= 911
Num_perm= 912
Num_perm= 913
Num_perm= 914
Num_perm= 915
Num_perm= 916
Num_perm= 917
Num_perm= 918
Num_perm= 919
Num_perm= 920
Num_perm= 921
Num_perm= 922
Num_perm= 923
Num_perm= 924
Num_perm= 925
Num_perm= 926
Num_perm= 927
Num_perm= 928
Num_perm= 929
Num_perm= 930
Num_perm= 931
Num_perm= 932
Num_perm= 933
Num_perm= 934
Num_perm= 935
Num_perm= 936
Num_perm= 937
Num_perm= 938
Num_perm= 939
Num_perm= 940
Num_perm= 941
Num_perm= 942
Num_perm= 943
Num_perm= 944
Num_perm= 945
Num_perm= 946
Num_perm= 947
Num_perm= 948
Num_perm= 949
Num_perm= 950
Num_perm= 951
Num_perm= 952
Num_perm= 953
Num_perm= 954
Num_perm= 955
Num_perm= 956
Num_perm= 957
Num_perm= 958
Num_perm= 959
Num_perm= 960
Num_perm= 961
Num_perm= 962
Num_perm= 963
Num_perm= 964
Num_perm= 965
Num_perm= 966
Num_perm= 967
Num_perm= 968
Num_perm= 969
Num_perm= 970
Num_perm= 971
Num_perm= 972
Num_perm= 973
Num_perm= 974
Num_perm= 975
Num_perm= 976
Num_perm= 977
Num_perm= 978
Num_perm= 979
Num_perm= 980
Num_perm= 981
Num_perm= 982
Num_perm= 983
Num_perm= 984
Num_perm= 985
Num_perm= 986
Num_perm= 987
Num_perm= 988
Num_perm= 989
Num_perm= 990
Num_perm= 991
Num_perm= 992
Num_perm= 993
Num_perm= 994
Num_perm= 995
Num_perm= 996
Num_perm= 997
Num_perm= 998
Num_perm= 999
Saving avg-overlap gene lists (formats=('csv',))...

Done.
------------------------------------------------------------
Finished:     Thu May 28 02:59:43 AM EDT 2026
